██████╗ ██████╗  ██████╗ ██████╗ ███████╗
██╔══██╗██╔══██╗██╔═══██╗██╔══██╗██╔════╝
██████╔╝██████╔╝██║   ██║██████╔╝█████╗  
██╔═══╝ ██╔══██╗██║   ██║██╔══██╗██╔══╝  
██║     ██║  ██║╚██████╔╝██████╔╝███████╗
╚═╝     ╚═╝  ╚═╝ ╚═════╝ ╚═════╝ ╚══════╝
                                         
🔬 rehearsal stage for research  ·  the performance still needs humans

🔬 probe · adversarial_trivial_biggertext · "study whether bigger text is easier to read"


  ○ ❓ ─ ○ 🧭 ─ ○ 📚 ─ ○ 🛠 ─ ○ 🎭 ─ ○ ⚖️ ─ ○ 🗯 ─ ○ 🗯 ─ ○ 🗯 ─ ○ 📘

- ❓  interrogating the premise…
✔ ❓  stage 1_premise · runs/adversarial_trivial_biggertext/premise_card.json
- 🧭  ideating divergent branches…
✔ 🧭  stage 2_ideator · 3 divergent branches spawned
   │ A  runs/adversarial_trivial_biggertext/branches/a/branch_card.json
   │ B  runs/adversarial_trivial_biggertext/branches/b/branch_card.json
   │ C  runs/adversarial_trivial_biggertext/branches/c/branch_card.json
- 📚  grounding in the corpus…
✔ 📚  stage 3_literature · 3 branches
   │ A  ok
   │ B  ok
   │ C  ok
- 🛠  specifying the prototype…
✔ 🛠  stage 4_prototype · 3 branches
   │ A  ok
   │ B  ok
   │ C  ok
- 🎭  rehearsing the walkthrough…
✔ 🎭  stage 5_simulator · 3 branches
   │ A  ok
   │ B  ok
   │ C  ok
- ⚖️  auditing capture risk…
✔ ⚖️  stage 6_audit · 3 branches audited
   │ A  PASSED
   │ B  PASSED
   │ C  PASSED
- 🗯  preserving disagreement…
✔ 🗯  stage 7d_meta · 3 branches reviewed
   │ A  human_judgment_required
   │ B  reject ⛔ WORKSHOP_NOT_RECOMMENDED.md
   │ C  human_judgment_required
- 📘  synthesizing the guidebook…
✖ guidebook assembly failed: 8_guidebook lint failed after repair:
paragraph missing provenance tag: "The following works were flagged by the novelty review as adjacent to this study's question but are not in the corpus. T"
parag

  ✓ ❓ ─ ✓ 🧭 ─ ✓ 📚 ─ ✓ 🛠 ─ ✓ 🎭 ─ ✓ ⚖️ ─ ○ 🗯 ─ ○ 🗯 ─ ✓ 🗯 ─ ✗ 📘

✗ pipeline failed at stage 8_guidebook
