██████╗ ██████╗  ██████╗ ██████╗ ███████╗
██╔══██╗██╔══██╗██╔═══██╗██╔══██╗██╔════╝
██████╔╝██████╔╝██║   ██║██████╔╝█████╗  
██╔═══╝ ██╔══██╗██║   ██║██╔══██╗██╔══╝  
██║     ██║  ██║╚██████╔╝██████╔╝███████╗
╚═╝     ╚═╝  ╚═╝ ╚═════╝ ╚═════╝ ╚══════╝
                                         
🔬 rehearsal stage for research  ·  the performance still needs humans

🔬 probe · adversarial_trivial_darkmode · "study whether users prefer dark mode"


  ○ ❓ ─ ○ 🧭 ─ ○ 📚 ─ ○ 🛠 ─ ○ 🎭 ─ ○ ⚖️ ─ ○ 🗯 ─ ○ 🗯 ─ ○ 🗯 ─ ○ 📘

- ❓  interrogating the premise…
✔ ❓  stage 1_premise · runs/adversarial_trivial_darkmode/premise_card.json
- 🧭  ideating divergent branches…
✔ 🧭  stage 2_ideator · 3 divergent branches spawned
   │ A  runs/adversarial_trivial_darkmode/branches/a/branch_card.json
   │ B  runs/adversarial_trivial_darkmode/branches/b/branch_card.json
   │ C  runs/adversarial_trivial_darkmode/branches/c/branch_card.json
- 📚  grounding in the corpus…
✔ 📚  stage 3_literature · 3 branches
   │ A  ok
   │ B  ok
   │ C  ok
- 🛠  specifying the prototype…
✔ 🛠  stage 4_prototype · 3 branches
   │ A  ok
   │ B  ok
   │ C  ok
- 🎭  rehearsing the walkthrough…
✔ 🎭  stage 5_simulator · 3 branches
   │ A  failed  5_simulator lint failed after repair:
evidence language "validated" in: "The second questionnaire item — asking how brig
   │ B  ok
   │ C  failed  5_simulator lint failed after repair:
evidence language "validate" in: "The think-aloud data collected in Step 2 and the
- ⚖️  auditing capture risk…
✔ ⚖️  stage 6_audit · 1 branches audited
   │ B  REVISION_REQUIRED
- 🗯  preserving disagreement…
✔ 🗯  stage 7d_meta · 1 branches reviewed
   │ B  reject ⛔ WORKSHOP_NOT_RECOMMENDED.md

  ✓ ❓ ─ ✓ 🧭 ─ ✓ 📚 ─ ✓ 🛠 ─ ✓ 🎭 ─ ✓ ⚖️ ─ ○ 🗯 ─ ○ 🗯 ─ ✓ 🗯 ─ ○ 📘

⛔ all branches blocked — no guidebook assembled (b)

⛔  all branches blocked — see runs/adversarial_trivial_darkmode/branches/*/WORKSHOP_NOT_RECOMMENDED.md
