██████╗ ██████╗  ██████╗ ██████╗ ███████╗
██╔══██╗██╔══██╗██╔═══██╗██╔══██╗██╔════╝
██████╔╝██████╔╝██║   ██║██████╔╝█████╗  
██╔═══╝ ██╔══██╗██║   ██║██╔══██╗██╔══╝  
██║     ██║  ██║╚██████╔╝██████╔╝███████╗
╚═╝     ╚═╝  ╚═╝ ╚═════╝ ╚═════╝ ╚══════╝
                                         
🔬 rehearsal stage for research  ·  the performance still needs humans

🔬 probe · backlog_live_coding · "Design a study to evaluate pair-programming dynamics betw..."


  ○ ❓ ─ ○ 🧭 ─ ○ 📚 ─ ○ 🛠 ─ ○ 🎭 ─ ○ ⚖️ ─ ○ 🗯 ─ ○ 🗯 ─ ○ 🗯 ─ ○ 📘

- ❓  interrogating the premise…
✔ ❓  stage 1_premise · runs/backlog_live_coding/premise_card.json
- 🧭  ideating divergent branches…
✔ 🧭  stage 2_ideator · 3 divergent branches spawned
   │ A  runs/backlog_live_coding/branches/a/branch_card.json
   │ B  runs/backlog_live_coding/branches/b/branch_card.json
   │ C  runs/backlog_live_coding/branches/c/branch_card.json
- 📚  grounding in the corpus…
✔ 📚  stage 3_literature · 3 branches
   │ A  ok
   │ B  ok
   │ C  ok
- 🛠  specifying the prototype…
✔ 🛠  stage 4_prototype · 3 branches
   │ A  ok
   │ B  ok
   │ C  ok
- 🎭  rehearsing the walkthrough…
✔ 🎭  stage 5_simulator · 3 branches
   │ A  ok
   │ B  ok
   │ C  failed  5_simulator lint failed after repair:
paragraph missing [SIMULATION_REHEARSAL]: "<!-- Section intentionally consolidated
- ⚖️  auditing capture risk…
✔ ⚖️  stage 6_audit · 2 branches audited
   │ A  REVISION_REQUIRED
   │ B  REVISION_REQUIRED
- 🗯  preserving disagreement…
✔ 🗯  stage 7d_meta · 2 branches reviewed
   │ A  reject ⛔ WORKSHOP_NOT_RECOMMENDED.md
   │ B  reject ⛔ WORKSHOP_NOT_RECOMMENDED.md

  ✓ ❓ ─ ✓ 🧭 ─ ✓ 📚 ─ ✓ 🛠 ─ ✓ 🎭 ─ ✓ ⚖️ ─ ○ 🗯 ─ ○ 🗯 ─ ✓ 🗯 ─ ○ 📘

⛔ all branches blocked — no guidebook assembled (a, b)

⛔  all branches blocked — see runs/backlog_live_coding/branches/*/WORKSHOP_NOT_RECOMMENDED.md
