██████╗ ██████╗  ██████╗ ██████╗ ███████╗
██╔══██╗██╔══██╗██╔═══██╗██╔══██╗██╔════╝
██████╔╝██████╔╝██║   ██║██████╔╝█████╗  
██╔═══╝ ██╔══██╗██║   ██║██╔══██╗██╔══╝  
██║     ██║  ██║╚██████╔╝██████╔╝███████╗
╚═╝     ╚═╝  ╚═╝ ╚═════╝ ╚═════╝ ╚══════╝
                                         
🔬 rehearsal stage for research  ·  the performance still needs humans

🔬 probe · backlog_e2ee_ai · "Design a study to understand user mental models of AI fea..."


  ○ ❓ ─ ○ 🧭 ─ ○ 📚 ─ ○ 🛠 ─ ○ 🎭 ─ ○ ⚖️ ─ ○ 🗯 ─ ○ 🗯 ─ ○ 🗯 ─ ○ 📘

- ❓  interrogating the premise…
✔ ❓  stage 1_premise · runs/backlog_e2ee_ai/premise_card.json
- 🧭  ideating divergent branches…
✔ 🧭  stage 2_ideator · 3 divergent branches spawned
   │ A  runs/backlog_e2ee_ai/branches/a/branch_card.json
   │ B  runs/backlog_e2ee_ai/branches/b/branch_card.json
   │ C  runs/backlog_e2ee_ai/branches/c/branch_card.json
- 📚  grounding in the corpus…
✔ 📚  stage 3_literature · 3 branches
   │ A  ok
   │ B  ok
   │ C  ok
- 🛠  specifying the prototype…
✔ 🛠  stage 4_prototype · 3 branches
   │ A  ok
   │ B  ok
   │ C  ok
- 🎭  rehearsing the walkthrough…
✔ 🎭  stage 5_simulator · 3 branches
   │ A  ok
   │ B  ok
   │ C  ok
- ⚖️  auditing capture risk…
✔ ⚖️  stage 6_audit · 3 branches audited
   │ A  REVISION_REQUIRED
   │ B  REVISION_REQUIRED
   │ C  REVISION_REQUIRED
- 🗯  preserving disagreement…
✔ 🗯  stage 7d_meta · 3 branches reviewed
   │ A  reject ⛔ WORKSHOP_NOT_RECOMMENDED.md
   │ B  reject ⛔ WORKSHOP_NOT_RECOMMENDED.md
   │ C  human_judgment_required
- 📘  synthesizing the guidebook…
✖ guidebook assembly failed: 8_guidebook lint failed after repair:
paragraph missing provenance tag: "Materials list:"
line 28: "validated" in: - Ur et al. on password mental models — identified in the premise card as a direct me

  ✓ ❓ ─ ✓ 🧭 ─ ✓ 📚 ─ ✓ 🛠 ─ ✓ 🎭 ─ ✓ ⚖️ ─ ○ 🗯 ─ ○ 🗯 ─ ✓ 🗯 ─ ✗ 📘

✗ pipeline failed at stage 8_guidebook
