██████╗ ██████╗  ██████╗ ██████╗ ███████╗
██╔══██╗██╔══██╗██╔═══██╗██╔══██╗██╔════╝
██████╔╝██████╔╝██║   ██║██████╔╝█████╗  
██╔═══╝ ██╔══██╗██║   ██║██╔══██╗██╔══╝  
██║     ██║  ██║╚██████╔╝██████╔╝███████╗
╚═╝     ╚═╝  ╚═╝ ╚═════╝ ╚═════╝ ╚══════╝
                                         
🔬 rehearsal stage for research  ·  the performance still needs humans

🔬 probe · backlog_torso_s4_ios · "Design a study to evaluate a mobile recreation of a hardw..."


  ○ ❓ ─ ○ 🧭 ─ ○ 📚 ─ ○ 🛠 ─ ○ 🎭 ─ ○ ⚖️ ─ ○ 🗯 ─ ○ 🗯 ─ ○ 🗯 ─ ○ 📘

- ❓  interrogating the premise…
✔ ❓  stage 1_premise · runs/backlog_torso_s4_ios/premise_card.json
- 🧭  ideating divergent branches…
✔ 🧭  stage 2_ideator · 3 divergent branches spawned
   │ A  runs/backlog_torso_s4_ios/branches/a/branch_card.json
   │ B  runs/backlog_torso_s4_ios/branches/b/branch_card.json
   │ C  runs/backlog_torso_s4_ios/branches/c/branch_card.json
- 📚  grounding in the corpus…
✔ 📚  stage 3_literature · 3 branches
   │ A  ok
   │ B  ok
   │ C  ok
- 🛠  specifying the prototype…
✔ 🛠  stage 4_prototype · 3 branches
   │ A  ok
   │ B  ok
   │ C  ok
- 🎭  rehearsing the walkthrough…
✔ 🎭  stage 5_simulator · 3 branches
   │ A  ok
   │ B  ok
   │ C  ok
- ⚖️  auditing capture risk…
✔ ⚖️  stage 6_audit · 3 branches audited
   │ A  REVISION_REQUIRED
   │ B  REVISION_REQUIRED
   │ C  REVISION_REQUIRED
- 🗯  preserving disagreement…
✔ 🗯  stage 7d_meta · 3 branches reviewed
   │ A  reject ⛔ WORKSHOP_NOT_RECOMMENDED.md
   │ B  accept_revise
   │ C  human_judgment_required
- 📘  synthesizing the guidebook…
✔ 📘  stage 8_guidebook · 🌱 branch b survived → runs/backlog_torso_s4_ios/PROBE_GUIDEBOOK.md

  ✓ ❓ ─ ✓ 🧭 ─ ✓ 📚 ─ ✓ 🛠 ─ ✓ 🎭 ─ ✓ ⚖️ ─ ○ 🗯 ─ ○ 🗯 ─ ✓ 🗯 ─ ✓ 📘

✅  pipeline complete — runs/backlog_torso_s4_ios/PROBE_GUIDEBOOK.md
